15/Mai/2023 09:40:14,106- MainApp: /Users/kevinforter/Documents1/file.txt (No such file or directory)
15/Mai/2023 09:45:32,125- MainApp: /Users/kevinforter/Documents1/file.txt (No such file or directory)
java.io.FileNotFoundException: /Users/kevinforter/Documents1/file.txt (No such file or directory)
	at java.io.FileOutputStream.open0(Native Method) ~[?:?]
	at java.io.FileOutputStream.open(FileOutputStream.java:293) ~[?:?]
	at java.io.FileOutputStream.<init>(FileOutputStream.java:235) ~[?:?]
	at java.io.FileOutputStream.<init>(FileOutputStream.java:155) ~[?:?]
	at java.io.FileWriter.<init>(FileWriter.java:82) ~[?:?]
	at ch.hslu.informatik.block11.demo01.Util.writeWithFileWriter(Util.java:10) ~[bin/:?]
	at ch.hslu.informatik.block11.demo01.MainApp.main(MainApp.java:19) [bin/:?]
15/Mai/2023 09:59:01,536- MainApp: /Users/kevinforter/Documents1/file01.txt (No such file or directory)
java.io.FileNotFoundException: /Users/kevinforter/Documents1/file01.txt (No such file or directory)
	at java.io.FileOutputStream.open0(Native Method) ~[?:?]
	at java.io.FileOutputStream.open(FileOutputStream.java:293) ~[?:?]
	at java.io.FileOutputStream.<init>(FileOutputStream.java:235) ~[?:?]
	at java.io.FileOutputStream.<init>(FileOutputStream.java:123) ~[?:?]
	at java.io.FileWriter.<init>(FileWriter.java:66) ~[?:?]
	at ch.hslu.informatik.block11.demo01.Util.writeWithBufferedWriter(Util.java:18) ~[bin/:?]
	at ch.hslu.informatik.block11.demo01.MainApp.main(MainApp.java:28) [bin/:?]
15/Mai/2023 11:33:27,517- MainApp: ch.hslu.informatik.block11.demo03.domain.Lampe
java.io.NotSerializableException: ch.hslu.informatik.block11.demo03.domain.Lampe
	at java.io.ObjectOutputStream.writeObject0(ObjectOutputStream.java:1187) ~[?:?]
	at java.io.ObjectOutputStream.writeObject(ObjectOutputStream.java:350) ~[?:?]
	at java.util.ArrayList.writeObject(ArrayList.java:866) ~[?:?]
	at jdk.internal.reflect.NativeMethodAccessorImpl.invoke0(Native Method) ~[?:?]
	at jdk.internal.reflect.NativeMethodAccessorImpl.invoke(NativeMethodAccessorImpl.java:77) ~[?:?]
	at jdk.internal.reflect.DelegatingMethodAccessorImpl.invoke(DelegatingMethodAccessorImpl.java:43) ~[?:?]
	at java.lang.reflect.Method.invoke(Method.java:568) ~[?:?]
	at java.io.ObjectStreamClass.invokeWriteObject(ObjectStreamClass.java:1070) ~[?:?]
	at java.io.ObjectOutputStream.writeSerialData(ObjectOutputStream.java:1516) ~[?:?]
	at java.io.ObjectOutputStream.writeOrdinaryObject(ObjectOutputStream.java:1438) ~[?:?]
	at java.io.ObjectOutputStream.writeObject0(ObjectOutputStream.java:1181) ~[?:?]
	at java.io.ObjectOutputStream.writeObject(ObjectOutputStream.java:350) ~[?:?]
	at ch.hslu.informatik.block11.demo03.persister.LampePersister.writeObjectsToFile(LampePersister.java:20) ~[bin/:?]
	at ch.hslu.informatik.block11.demo03.test.MainApp.main(MainApp.java:24) [bin/:?]
15/Mai/2023 11:33:40,546- MainApp: ch.hslu.informatik.block11.demo03.domain.Lampe
java.io.NotSerializableException: ch.hslu.informatik.block11.demo03.domain.Lampe
	at java.io.ObjectOutputStream.writeObject0(ObjectOutputStream.java:1187) ~[?:?]
	at java.io.ObjectOutputStream.writeObject(ObjectOutputStream.java:350) ~[?:?]
	at java.util.ArrayList.writeObject(ArrayList.java:866) ~[?:?]
	at jdk.internal.reflect.NativeMethodAccessorImpl.invoke0(Native Method) ~[?:?]
	at jdk.internal.reflect.NativeMethodAccessorImpl.invoke(NativeMethodAccessorImpl.java:77) ~[?:?]
	at jdk.internal.reflect.DelegatingMethodAccessorImpl.invoke(DelegatingMethodAccessorImpl.java:43) ~[?:?]
	at java.lang.reflect.Method.invoke(Method.java:568) ~[?:?]
	at java.io.ObjectStreamClass.invokeWriteObject(ObjectStreamClass.java:1070) ~[?:?]
	at java.io.ObjectOutputStream.writeSerialData(ObjectOutputStream.java:1516) ~[?:?]
	at java.io.ObjectOutputStream.writeOrdinaryObject(ObjectOutputStream.java:1438) ~[?:?]
	at java.io.ObjectOutputStream.writeObject0(ObjectOutputStream.java:1181) ~[?:?]
	at java.io.ObjectOutputStream.writeObject(ObjectOutputStream.java:350) ~[?:?]
	at ch.hslu.informatik.block11.demo03.persister.LampePersister.writeObjectsToFile(LampePersister.java:20) ~[bin/:?]
	at ch.hslu.informatik.block11.demo03.test.MainApp.main(MainApp.java:24) [bin/:?]
15/Mai/2023 11:37:08,556- MainApp: ch.hslu.informatik.block11.demo03.domain.Lampe
java.io.NotSerializableException: ch.hslu.informatik.block11.demo03.domain.Lampe
	at java.io.ObjectOutputStream.writeObject0(ObjectOutputStream.java:1187) ~[?:?]
	at java.io.ObjectOutputStream.writeObject(ObjectOutputStream.java:350) ~[?:?]
	at java.util.ArrayList.writeObject(ArrayList.java:866) ~[?:?]
	at jdk.internal.reflect.NativeMethodAccessorImpl.invoke0(Native Method) ~[?:?]
	at jdk.internal.reflect.NativeMethodAccessorImpl.invoke(NativeMethodAccessorImpl.java:77) ~[?:?]
	at jdk.internal.reflect.DelegatingMethodAccessorImpl.invoke(DelegatingMethodAccessorImpl.java:43) ~[?:?]
	at java.lang.reflect.Method.invoke(Method.java:568) ~[?:?]
	at java.io.ObjectStreamClass.invokeWriteObject(ObjectStreamClass.java:1070) ~[?:?]
	at java.io.ObjectOutputStream.writeSerialData(ObjectOutputStream.java:1516) ~[?:?]
	at java.io.ObjectOutputStream.writeOrdinaryObject(ObjectOutputStream.java:1438) ~[?:?]
	at java.io.ObjectOutputStream.writeObject0(ObjectOutputStream.java:1181) ~[?:?]
	at java.io.ObjectOutputStream.writeObject(ObjectOutputStream.java:350) ~[?:?]
	at ch.hslu.informatik.block11.demo03.persister.LampePersister.writeObject(LampePersister.java:20) ~[bin/:?]
	at ch.hslu.informatik.block11.demo03.test.MainApp.main(MainApp.java:24) [bin/:?]
15/Mai/2023 11:37:58,399- MainApp: ch.hslu.informatik.block11.demo03.domain.Lampe
java.io.NotSerializableException: ch.hslu.informatik.block11.demo03.domain.Lampe
	at java.io.ObjectOutputStream.writeObject0(ObjectOutputStream.java:1187) ~[?:?]
	at java.io.ObjectOutputStream.writeObject(ObjectOutputStream.java:350) ~[?:?]
	at java.util.ArrayList.writeObject(ArrayList.java:866) ~[?:?]
	at jdk.internal.reflect.NativeMethodAccessorImpl.invoke0(Native Method) ~[?:?]
	at jdk.internal.reflect.NativeMethodAccessorImpl.invoke(NativeMethodAccessorImpl.java:77) ~[?:?]
	at jdk.internal.reflect.DelegatingMethodAccessorImpl.invoke(DelegatingMethodAccessorImpl.java:43) ~[?:?]
	at java.lang.reflect.Method.invoke(Method.java:568) ~[?:?]
	at java.io.ObjectStreamClass.invokeWriteObject(ObjectStreamClass.java:1070) ~[?:?]
	at java.io.ObjectOutputStream.writeSerialData(ObjectOutputStream.java:1516) ~[?:?]
	at java.io.ObjectOutputStream.writeOrdinaryObject(ObjectOutputStream.java:1438) ~[?:?]
	at java.io.ObjectOutputStream.writeObject0(ObjectOutputStream.java:1181) ~[?:?]
	at java.io.ObjectOutputStream.writeObject(ObjectOutputStream.java:350) ~[?:?]
	at ch.hslu.informatik.block11.demo03.persister.LampePersister.writeObject(LampePersister.java:20) ~[bin/:?]
	at ch.hslu.informatik.block11.demo03.test.MainApp.main(MainApp.java:24) [bin/:?]
17/Mai/2023 16:22:29,270- MainApp: ch.hslu.informatik.block11.demo03.domain.Lampe
java.io.NotSerializableException: ch.hslu.informatik.block11.demo03.domain.Lampe
	at java.io.ObjectOutputStream.writeObject0(ObjectOutputStream.java:1187) ~[?:?]
	at java.io.ObjectOutputStream.writeObject(ObjectOutputStream.java:350) ~[?:?]
	at java.util.ArrayList.writeObject(ArrayList.java:866) ~[?:?]
	at jdk.internal.reflect.NativeMethodAccessorImpl.invoke0(Native Method) ~[?:?]
	at jdk.internal.reflect.NativeMethodAccessorImpl.invoke(NativeMethodAccessorImpl.java:77) ~[?:?]
	at jdk.internal.reflect.DelegatingMethodAccessorImpl.invoke(DelegatingMethodAccessorImpl.java:43) ~[?:?]
	at java.lang.reflect.Method.invoke(Method.java:568) ~[?:?]
	at java.io.ObjectStreamClass.invokeWriteObject(ObjectStreamClass.java:1070) ~[?:?]
	at java.io.ObjectOutputStream.writeSerialData(ObjectOutputStream.java:1516) ~[?:?]
	at java.io.ObjectOutputStream.writeOrdinaryObject(ObjectOutputStream.java:1438) ~[?:?]
	at java.io.ObjectOutputStream.writeObject0(ObjectOutputStream.java:1181) ~[?:?]
	at java.io.ObjectOutputStream.writeObject(ObjectOutputStream.java:350) ~[?:?]
	at ch.hslu.informatik.block11.demo03.persister.LampePersister.writeObject(LampePersister.java:20) ~[bin/:?]
	at ch.hslu.informatik.block11.demo03.test.MainApp.main(MainApp.java:24) [bin/:?]
17/Mai/2023 16:37:13,499- MainApp: /Users/kevinforter/DocumentsS/lampe.obj (No such file or directory)
java.io.FileNotFoundException: /Users/kevinforter/DocumentsS/lampe.obj (No such file or directory)
	at java.io.FileInputStream.open0(Native Method) ~[?:?]
	at java.io.FileInputStream.open(FileInputStream.java:216) ~[?:?]
	at java.io.FileInputStream.<init>(FileInputStream.java:157) ~[?:?]
	at java.io.FileInputStream.<init>(FileInputStream.java:111) ~[?:?]
	at ch.hslu.informatik.block11.demo03.persister.LampePersister.readObjects(LampePersister.java:28) ~[bin/:?]
	at ch.hslu.informatik.block11.demo03.test.MainApp.main(MainApp.java:27) [bin/:?]
18/Mai/2023 22:30:17,965- MainApp: /Users/kevinforter/DocumentsS/lampe.obj (No such file or directory)
java.io.FileNotFoundException: /Users/kevinforter/DocumentsS/lampe.obj (No such file or directory)
	at java.io.FileInputStream.open0(Native Method) ~[?:?]
	at java.io.FileInputStream.open(FileInputStream.java:216) ~[?:?]
	at java.io.FileInputStream.<init>(FileInputStream.java:157) ~[?:?]
	at java.io.FileInputStream.<init>(FileInputStream.java:111) ~[?:?]
	at ch.hslu.informatik.block11.demo03.persister.LampePersister.readObjects(LampePersister.java:28) ~[bin/:?]
	at ch.hslu.informatik.block11.demo03.test.MainApp.main(MainApp.java:27) [bin/:?]
18/Mai/2023 22:30:31,982- MainApp: /Users/kevinforter/DocumentsS/lampe.obj (No such file or directory)
java.io.FileNotFoundException: /Users/kevinforter/DocumentsS/lampe.obj (No such file or directory)
	at java.io.FileInputStream.open0(Native Method) ~[?:?]
	at java.io.FileInputStream.open(FileInputStream.java:216) ~[?:?]
	at java.io.FileInputStream.<init>(FileInputStream.java:157) ~[?:?]
	at java.io.FileInputStream.<init>(FileInputStream.java:111) ~[?:?]
	at ch.hslu.informatik.block11.demo03.persister.LampePersister.readObjects(LampePersister.java:28) ~[bin/:?]
	at ch.hslu.informatik.block11.demo03.test.MainApp.main(MainApp.java:27) [bin/:?]
19/Mai/2023 00:18:38,152- MainApp: invalid stream header: 2D2D4E72
java.io.StreamCorruptedException: invalid stream header: 2D2D4E72
	at java.io.ObjectInputStream.readStreamHeader(ObjectInputStream.java:958) ~[?:?]
	at java.io.ObjectInputStream.<init>(ObjectInputStream.java:392) ~[?:?]
	at ch.hslu.informatik.block11.demo03.persister.LampePersister.readObjects(LampePersister.java:28) ~[bin/:?]
	at ch.hslu.informatik.block11.demo03.test.MainApp.main(MainApp.java:27) [bin/:?]
