2023-05-04 17:08:01,838 ERROR c.h.p.l.p.LedService [main] Error unmarshaling return header; nested exception is: 
	java.io.EOFException
java.rmi.UnmarshalException: Error unmarshaling return header; nested exception is: 
	java.io.EOFException
	at sun.rmi.transport.StreamRemoteCall.executeCall(StreamRemoteCall.java:255) ~[?:?]
	at sun.rmi.server.UnicastRef.invoke(UnicastRef.java:165) ~[?:?]
	at java.rmi.server.RemoteObjectInvocationHandler.invokeRemoteMethod(RemoteObjectInvocationHandler.java:215) ~[?:?]
	at java.rmi.server.RemoteObjectInvocationHandler.invoke(RemoteObjectInvocationHandler.java:160) ~[?:?]
	at jdk.proxy2.$Proxy17.turnLedOff(Unknown Source) ~[?:?]
	at ch.hslu.prg.leds.proxy.LedService.turnLedOff(LedService.java:187) ~[proxy.jar:?]
	at ch.hslu.informatik.prg.project.ClientApp.ledsOnOff(ClientApp.java:87) ~[bin/:?]
	at ch.hslu.informatik.prg.project.ClientApp.main(ClientApp.java:43) ~[bin/:?]
Caused by: java.io.EOFException
	at java.io.DataInputStream.readByte(DataInputStream.java:273) ~[?:?]
	at sun.rmi.transport.StreamRemoteCall.executeCall(StreamRemoteCall.java:241) ~[?:?]
	... 7 more
2023-05-04 17:08:01,850 ERROR c.h.p.l.p.LedService [main] Connection refused to host: 127.0.0.1; nested exception is: 
	java.net.ConnectException: Connection refused
java.rmi.ConnectException: Connection refused to host: 127.0.0.1; nested exception is: 
	java.net.ConnectException: Connection refused
	at sun.rmi.transport.tcp.TCPEndpoint.newSocket(TCPEndpoint.java:626) ~[?:?]
	at sun.rmi.transport.tcp.TCPChannel.createConnection(TCPChannel.java:217) ~[?:?]
	at sun.rmi.transport.tcp.TCPChannel.newConnection(TCPChannel.java:204) ~[?:?]
	at sun.rmi.server.UnicastRef.invoke(UnicastRef.java:133) ~[?:?]
	at java.rmi.server.RemoteObjectInvocationHandler.invokeRemoteMethod(RemoteObjectInvocationHandler.java:215) ~[?:?]
	at java.rmi.server.RemoteObjectInvocationHandler.invoke(RemoteObjectInvocationHandler.java:160) ~[?:?]
	at jdk.proxy2.$Proxy17.setDelayInMillis(Unknown Source) ~[?:?]
	at ch.hslu.prg.leds.proxy.LedService.setDelayInMillis(LedService.java:252) ~[proxy.jar:?]
	at ch.hslu.informatik.prg.project.ClientApp.ledsOnOff(ClientApp.java:88) ~[bin/:?]
	at ch.hslu.informatik.prg.project.ClientApp.main(ClientApp.java:43) ~[bin/:?]
Caused by: java.net.ConnectException: Connection refused
	at sun.nio.ch.Net.connect0(Native Method) ~[?:?]
	at sun.nio.ch.Net.connect(Net.java:579) ~[?:?]
	at sun.nio.ch.Net.connect(Net.java:568) ~[?:?]
	at sun.nio.ch.NioSocketImpl.connect(NioSocketImpl.java:588) ~[?:?]
	at java.net.SocksSocketImpl.connect(SocksSocketImpl.java:327) ~[?:?]
	at java.net.Socket.connect(Socket.java:639) ~[?:?]
	at java.net.Socket.connect(Socket.java:588) ~[?:?]
	at java.net.Socket.<init>(Socket.java:512) ~[?:?]
	at java.net.Socket.<init>(Socket.java:292) ~[?:?]
	at sun.rmi.transport.tcp.TCPDirectSocketFactory.createSocket(TCPDirectSocketFactory.java:40) ~[?:?]
	at sun.rmi.transport.tcp.TCPEndpoint.newSocket(TCPEndpoint.java:620) ~[?:?]
	... 9 more
